


ARM Macro Assembler    Page 1 CMPE-250 Lab Exercise One


    1 00000000                 TTL              CMPE-250 Lab Exercise One
    2 00000000         ;****************************************************************
    3 00000000         ;This program loads four constants from ROM
    4 00000000         ;and stores them in varibales in RAM.
    5 00000000         ;Name:  Vaania Khan
    6 00000000         ;Date:  2025-01-15
    7 00000000         ;Class:  CMPE-250
    8 00000000         ;Section:  01, Thursday 2:00 PM
    9 00000000         ;---------------------------------------------------------------
   10 00000000         ;Keil Simulator Template for KL05
   11 00000000         ;R. W. Melton
   12 00000000         ;August 21, 2025
   13 00000000         ;****************************************************************
   14 00000000         ;Assembler directives
   15 00000000                 THUMB
   17 00000000         ;****************************************************************
   18 00000000         ;EQUates
   19 00000000         ;Standard data masks
   20 00000000 000000FF 
                       BYTE_MASK
                               EQU              0xFF
   21 00000000 0000000F 
                       NIBBLE_MASK
                               EQU              0x0F
   22 00000000         ;Standard data sizes (in bits)
   23 00000000 00000008 
                       BYTE_BITS
                               EQU              8
   24 00000000 00000004 
                       NIBBLE_BITS
                               EQU              4
   25 00000000         ;Architecture data sizes (in bytes)
   26 00000000 00000004 
                       WORD_SIZE
                               EQU              4           ;Cortex-M0+
   27 00000000 00000002 
                       HALFWORD_SIZE
                               EQU              2           ;Cortex-M0+
   28 00000000         ;Architecture data masks
   29 00000000 0000FFFF 
                       HALFWORD_MASK
                               EQU              0xFFFF



ARM Macro Assembler    Page 2 CMPE-250 Lab Exercise One


   30 00000000         ;Return                 
   31 00000000 00000001 
                       RET_ADDR_T_MASK
                               EQU              1           ;Bit 0 of ret. addr. must be
   32 00000000         ;set for BX, BLX, or POP
   33 00000000         ;mask in thumb mode
   34 00000000         ;---------------------------------------------------------------
   35 00000000         ;Vectors
   36 00000000 000000C0 
                       VECTOR_TABLE_SIZE
                               EQU              0x000000C0  ;KL05
   37 00000000 00000004 
                       VECTOR_SIZE
                               EQU              4           ;Bytes per vector
   38 00000000         ;---------------------------------------------------------------
   39 00000000         ;CPU CONTROL:  Control register
   40 00000000         ;31-2:(reserved)
   41 00000000         ;   1:SPSEL=current stack pointer select
   42 00000000         ;           0=MSP (main stack pointer) (reset value)
   43 00000000         ;           1=PSP (process stack pointer)
   44 00000000         ;   0:nPRIV=not privileged
   45 00000000         ;        0=privileged (Freescale/NXP "supervisor") (reset value)
   46 00000000         ;        1=not privileged (Freescale/NXP "user")
   47 00000000 00000002 
                       CONTROL_SPSEL_MASK
                               EQU              2
   48 00000000 00000001 
                       CONTROL_SPSEL_SHIFT
                               EQU              1
   49 00000000 00000001 
                       CONTROL_nPRIV_MASK
                               EQU              1
   50 00000000 00000000 
                       CONTROL_nPRIV_SHIFT
                               EQU              0
   51 00000000         ;---------------------------------------------------------------
   52 00000000         ;CPU PRIMASK:  Interrupt mask register
   53 00000000         ;31-1:(reserved)
   54 00000000         ;   0:PM=prioritizable interrupt mask:
   55 00000000         ;        0=all interrupts unmasked (reset value)
   56 00000000         ;          (value after CPSIE I instruction)
   57 00000000         ;        1=prioritizable interrrupts masked



ARM Macro Assembler    Page 3 CMPE-250 Lab Exercise One


   58 00000000         ;          (value after CPSID I instruction)
   59 00000000 00000001 
                       PRIMASK_PM_MASK
                               EQU              1
   60 00000000 00000000 
                       PRIMASK_PM_SHIFT
                               EQU              0
   61 00000000         ;---------------------------------------------------------------
   62 00000000         ;CPU PSR:  Program status register
   63 00000000         ;Combined APSR, EPSR, and IPSR
   64 00000000         ;----------------------------------------------------------
   65 00000000         ;CPU APSR:  Application Program Status Register
   66 00000000         ;31  :N=negative flag
   67 00000000         ;30  :Z=zero flag
   68 00000000         ;29  :C=carry flag
   69 00000000         ;28  :V=overflow flag
   70 00000000         ;27-0:(reserved)
   71 00000000 F0000000 
                       APSR_MASK
                               EQU              0xF0000000
   72 00000000 0000001C 
                       APSR_SHIFT
                               EQU              28
   73 00000000 80000000 
                       APSR_N_MASK
                               EQU              0x80000000
   74 00000000 0000001F 
                       APSR_N_SHIFT
                               EQU              31
   75 00000000 40000000 
                       APSR_Z_MASK
                               EQU              0x40000000
   76 00000000 0000001E 
                       APSR_Z_SHIFT
                               EQU              30
   77 00000000 20000000 
                       APSR_C_MASK
                               EQU              0x20000000
   78 00000000 0000001D 
                       APSR_C_SHIFT
                               EQU              29
   79 00000000 10000000 



ARM Macro Assembler    Page 4 CMPE-250 Lab Exercise One


                       APSR_V_MASK
                               EQU              0x10000000
   80 00000000 0000001C 
                       APSR_V_SHIFT
                               EQU              28
   81 00000000         ;----------------------------------------------------------
   82 00000000         ;CPU EPSR
   83 00000000         ;31-25:(reserved)
   84 00000000         ;   24:T=Thumb state bit
   85 00000000         ;23- 0:(reserved)
   86 00000000 01000000 
                       EPSR_MASK
                               EQU              0x01000000
   87 00000000 00000018 
                       EPSR_SHIFT
                               EQU              24
   88 00000000 01000000 
                       EPSR_T_MASK
                               EQU              0x01000000
   89 00000000 00000018 
                       EPSR_T_SHIFT
                               EQU              24
   90 00000000         ;----------------------------------------------------------
   91 00000000         ;CPU IPSR
   92 00000000         ;31-6:(reserved)
   93 00000000         ; 5-0:Exception number=number of current exception
   94 00000000         ;      0=thread mode
   95 00000000         ;      1:(reserved)
   96 00000000         ;      2=NMI
   97 00000000         ;      3=hard fault
   98 00000000         ;      4-10:(reserved)
   99 00000000         ;     11=SVCall
  100 00000000         ;     12-13:(reserved)
  101 00000000         ;     14=PendSV
  102 00000000         ;     15=SysTick
  103 00000000         ;     16=IRQ0
  104 00000000         ;     16-47:IRQ(Exception number - 16)
  105 00000000         ;     47=IRQ31
  106 00000000         ;     48-63:(reserved)
  107 00000000 0000003F 
                       IPSR_MASK
                               EQU              0x0000003F



ARM Macro Assembler    Page 5 CMPE-250 Lab Exercise One


  108 00000000 00000000 
                       IPSR_SHIFT
                               EQU              0
  109 00000000 0000003F 
                       IPSR_EXCEPTION_MASK
                               EQU              0x0000003F
  110 00000000 00000000 
                       IPSR_EXCEPTION_SHIFT
                               EQU              0
  111 00000000         ;----------------------------------------------------------
  112 00000000 80000000 
                       PSR_N_MASK
                               EQU              APSR_N_MASK
  113 00000000 0000001F 
                       PSR_N_SHIFT
                               EQU              APSR_N_SHIFT
  114 00000000 40000000 
                       PSR_Z_MASK
                               EQU              APSR_Z_MASK
  115 00000000 0000001E 
                       PSR_Z_SHIFT
                               EQU              APSR_Z_SHIFT
  116 00000000 20000000 
                       PSR_C_MASK
                               EQU              APSR_C_MASK
  117 00000000 0000001D 
                       PSR_C_SHIFT
                               EQU              APSR_C_SHIFT
  118 00000000 10000000 
                       PSR_V_MASK
                               EQU              APSR_V_MASK
  119 00000000 0000001C 
                       PSR_V_SHIFT
                               EQU              APSR_V_SHIFT
  120 00000000 01000000 
                       PSR_T_MASK
                               EQU              EPSR_T_MASK
  121 00000000 00000018 
                       PSR_T_SHIFT
                               EQU              EPSR_T_SHIFT
  122 00000000 0000003F 
                       PSR_EXCEPTION_MASK



ARM Macro Assembler    Page 6 CMPE-250 Lab Exercise One


                               EQU              IPSR_EXCEPTION_MASK
  123 00000000 00000000 
                       PSR_EXCEPTION_SHIFT
                               EQU              IPSR_EXCEPTION_SHIFT
  124 00000000         ;----------------------------------------------------------
  125 00000000         ;Stack
  126 00000000 00000100 
                       SSTACK_SIZE
                               EQU              0x00000100
  127 00000000         ;****************************************************************
  128 00000000         ;Program
  129 00000000         ;Linker requires Reset_Handler
  130 00000000                 AREA             MyCode,CODE,READONLY
  131 00000000                 ENTRY
  132 00000000                 EXPORT           Reset_Handler
  133 00000000         Reset_Handler
                               PROC             {}
  134 00000000         main
  135 00000000         ;---------------------------------------------------------------
  136 00000000         ;Initialize registers
  137 00000000 F7FF FFFE       BL               RegInit
  138 00000004         ;>>>>> begin main program code <<<<<
  139 00000004         ;Mask interrupts
  140 00000004 B672            CPSID            I
  141 00000006         MainLoop                             ;do {
  142 00000006 BF00            NOP                          ; " no operation"
  143 00000008 4A13            LDR              R2,=const_data ; ConstPtr = &const_data
  144 0000000A 2302            MOVS             R3,#0x02    ; Counter = 2
  145 0000000C         Loop                                 ; do {
  146 0000000C 6811            LDR              R1,[R2, #0] ; R1 = ConstPtr[0]
  147 0000000E 4813            LDR              R0,=VarData ; VarPtr = &VarData[0]
  148 00000010 6001            STR              R1,[R0, #0] ; VarPtr[0] = ConstPtr[0]
  149 00000012 6851            LDR              R1,[R2, #4] ; R1 = ConstPtr[1]
  150 00000014 6041            STR              R1,[R0, #4] ; VarPtr[1] = ConstPtr[1]
  151 00000016 3208            ADDS             R2,R2,#8    ; ConstPtr = &(ConstPtr[2])
  152 00000018 1E5B            SUBS             R3,R3,#1    ; Counter--
  153 0000001A D1F7            BNE              Loop        ; } while (Counter != 0)
  154 0000001C BF00            NOP                          ; "no operation"
  155 0000001E E7F2            B                MainLoop    ;} forever
  156 00000020         ;>>>>>   end main program code <<<<<
  157 00000020         ;Stay here
  158 00000020 E7FE            B                .



ARM Macro Assembler    Page 7 CMPE-250 Lab Exercise One


  159 00000022                 ENDP                         ;main
  160 00000022         ;---------------------------------------------------------------
  161 00000022         RegInit PROC             {}
  162 00000022         ;********************************************************************
  163 00000022         ;Initializes register n to value 0xnnnnnnnn, for n in {0x1-0xC,0xE}.
  164 00000022         ;Initializes R0 to 0x05250821.
  165 00000022         ;Initializes APSR.NZCV to 2_1111.
  166 00000022         ;********************************************************************
  167 00000022         ;Put return on stack
  168 00000022 B500            PUSH             {LR}
  169 00000024         ;Initialize registers
  170 00000024 490E            LDR              R1,=0x11111111
  171 00000026 184A            ADDS             R2,R1,R1
  172 00000028 1853            ADDS             R3,R2,R1
  173 0000002A 185C            ADDS             R4,R3,R1
  174 0000002C 1865            ADDS             R5,R4,R1
  175 0000002E 186E            ADDS             R6,R5,R1
  176 00000030 1877            ADDS             R7,R6,R1
  177 00000032 4688            MOV              R8,R1
  178 00000034 44B8            ADD              R8,R8,R7
  179 00000036 4689            MOV              R9,R1
  180 00000038 44C1            ADD              R9,R9,R8
  181 0000003A 468A            MOV              R10,R1
  182 0000003C 44CA            ADD              R10,R10,R9
  183 0000003E 468B            MOV              R11,R1
  184 00000040 44D3            ADD              R11,R11,R10
  185 00000042 468C            MOV              R12,R1
  186 00000044 44DC            ADD              R12,R12,R11
  187 00000046 4696            MOV              R14,R2
  188 00000048 44E6            ADD              R14,R14,R12
  189 0000004A 4608            MOV              R0,R1
  190 0000004C 4470            ADD              R0,R0,R14
  191 0000004E F380 8800       MSR              APSR,R0
  192 00000052 4804            LDR              R0,=0x05250821
  193 00000054 BD00            POP              {PC}
  194 00000056                 ENDP                         ;RegInit
  195 00000056         ;---------------------------------------------------------------
  196 00000056         ;>>>>> begin subroutine code <<<<<
  197 00000056         ;>>>>>   end subroutine code <<<<<
  198 00000056 00 00           ALIGN
  199 00000058         ;****************************************************************
  200 00000058         ;Vector Table Mapped to Address 0 at Reset



ARM Macro Assembler    Page 8 CMPE-250 Lab Exercise One


  201 00000058         ;Linker requires __Vectors to be exported
  202 00000058 00000000 
              00000000 
              11111111 
              05250821         AREA             RESET, DATA, READONLY
  203 00000000                 EXPORT           __Vectors
  204 00000000                 EXPORT           __Vectors_End
  205 00000000                 EXPORT           __Vectors_Size
  206 00000000         __Vectors
  207 00000000         ;ARM core vectors
  208 00000000 00000000        DCD              __initial_sp ;00:end of stack
  209 00000004 00000000        DCD              Reset_Handler ;reset vector
  210 00000008 00 00 00 
              00 00 00 
              00 00 00 
              00 00 00 
              00 00 00 
              00 00 00 
              00 00 00 
              00 00 00 
              00 00 00 
              00 00 00 
              00 00 00 
              00 00 00 
              00 00 00 
              00 00 00 
              00 00 00 
              00 00 00 
              00 00 00 
              00 00 00 
              00 00 00 
              00 00 00 
              00 00 00 
              00 00 00 
              00 00 00 
              00 00 00 
              00 00 00 
              00 00 00 
              00 00 00 
              00 00 00 
              00 00 00 
              00 00 00 



ARM Macro Assembler    Page 9 CMPE-250 Lab Exercise One


              00 00 00 
              00 00 00 
              00 00 00 
              00 00 00 
              00 00 00 
              00 00 00 
              00 00 00 
              00 00 00 
              00 00 00 
              00 00 00 
              00 00 00 
              00 00 00 
              00 00 00 
              00 00 00 
              00 00 00 
              00 00 00 
              00 00 00 
              00 00 00 
              00 00 00 
              00 00 00 
              00 00 00 
              00 00 00 
              00 00 00 
              00 00 00 
              00 00 00 
              00 00 00 
              00 00 00 
              00 00 00 
              00 00 00 
              00 00 00 
              00 00 00 
              00               SPACE            (VECTOR_TABLE_SIZE - (2 * VECTOR_SIZE))
  211 000000C0         __Vectors_End
  212 000000C0 000000C0 
                       __Vectors_Size
                               EQU              __Vectors_End - __Vectors
  213 000000C0                 ALIGN
  214 000000C0         ;****************************************************************
  215 000000C0         ;Constants
  216 000000C0                 AREA             MyConst,DATA,READONLY
  217 00000000         ;>>>>> begin constants here <<<<<
  218 00000000 0000000A 



ARM Macro Assembler    Page 10 CMPE-250 Lab Exercise One


              0000000B 
              00000010 
              0000000A const_data
                               DCD              0x0000000A, 0x0000000B, 0x00000010, 10
  219 00000010         ;>>>>>   end constants here <<<<<
  220 00000010         ;****************************************************************
  221 00000010                 AREA             |.ARM.__at_0x1FFFFC00|,DATA,READWRITE,ALIGN=3
  222 00000000                 EXPORT           __initial_sp
  223 00000000         ;Allocate system stack
  224 00000000                 IF               :LNOT::DEF:SSTACK_SIZE
  226                          ENDIF
  227 00000000 00 00 00 
              00 00 00 
              00 00 00 
              00 00 00 
              00 00 00 
              00 00 00 
              00 00 00 
              00 00 00 
              00 00 00 
              00 00 00 
              00 00 00 
              00 00 00 
              00 00 00 
              00 00 00 
              00 00 00 
              00 00 00 
              00 00 00 
              00 00 00 
              00 00 00 
              00 00 00 
              00 00 00 
              00 00 00 
              00 00 00 
              00 00 00 
              00 00 00 
              00 00 00 
              00 00 00 
              00 00 00 
              00 00 00 
              00 00 00 
              00 00 00 



ARM Macro Assembler    Page 11 CMPE-250 Lab Exercise One


              00 00 00 
              00 00 00 
              00 00 00 
              00 00 00 
              00 00 00 
              00 00 00 
              00 00 00 
              00 00 00 
              00 00 00 
              00 00 00 
              00 00 00 
              00 00 00 
              00 00 00 
              00 00 00 
              00 00 00 
              00 00 00 
              00 00 00 
              00 00 00 
              00 00 00 
              00 00 00 
              00 00 00 
              00 00 00 
              00 00 00 
              00 00 00 
              00 00 00 
              00 00 00 
              00 00 00 
              00 00 00 
              00 00 00 
              00 00 00 
              00 00 00 
              00 00 00 
              00 00 00 
              00 00 00 
              00 00 00 
              00 00 00 
              00 00 00 
              00 00 00 
              00 00 00 
              00 00 00 
              00 00 00 
              00 00 00 



ARM Macro Assembler    Page 12 CMPE-250 Lab Exercise One


              00 00 00 
              00 00 00 
              00 00 00 
              00 00 00 
              00 00 00 
              00 00 00 
              00 00 00 
              00 00 00 
              00 00 00 
              00 00 00 
              00 00 00 
              00 00 00 
              00       Stack_Mem
                               SPACE            SSTACK_SIZE
  228 00000100         __initial_sp
  229 00000100         ;****************************************************************
  230 00000100         ;Variables
  231 00000100                 AREA             MyData,DATA,READWRITE
  232 00000000         ;>>>>> begin variables here <<<<<
  233 00000000 00 00 00 
              00 00 00 
              00 00    VarData SPACE            8
  234 00000008         ;>>>>>   end variables here <<<<<
  235 00000008                 END
Command Line: --debug --xref --length=49 --width=120 --diag_suppress=9931 --cpu=Cortex-M0+ --apcs=interwork --depend=.\o
bjects\exercise01.d -o.\objects\exercise01.o -I.\RTE\_Target_1 -IC:\Keil_v5\ARM\PACK\Keil\Kinetis_KLxx_DFP\1.14.0\Device
\Include -IC:\Keil_v5\ARM\CMSIS\Include --predefine="__EVAL SETA 1" --predefine="__UVISION_VERSION SETA 524" --predefine
="MKL05Z32xxx4 SETA 1" --list=.\listings\exercise01.lst Exercise01.s



ARM Macro Assembler    Page 1 Alphabetic symbol ordering
Relocatable symbols

Loop 0000000C

Symbol: Loop
   Definitions
      At line 145 in file Exercise01.s
   Uses
      At line 153 in file Exercise01.s
Comment: Loop used once
MainLoop 00000006

Symbol: MainLoop
   Definitions
      At line 141 in file Exercise01.s
   Uses
      At line 155 in file Exercise01.s
Comment: MainLoop used once
MyCode 00000000

Symbol: MyCode
   Definitions
      At line 130 in file Exercise01.s
   Uses
      None
Comment: MyCode unused
RegInit 00000022

Symbol: RegInit
   Definitions
      At line 161 in file Exercise01.s
   Uses
      At line 137 in file Exercise01.s
Comment: RegInit used once
Reset_Handler 00000000

Symbol: Reset_Handler
   Definitions
      At line 133 in file Exercise01.s
   Uses
      At line 132 in file Exercise01.s
      At line 209 in file Exercise01.s

main 00000000



ARM Macro Assembler    Page 2 Alphabetic symbol ordering
Relocatable symbols


Symbol: main
   Definitions
      At line 134 in file Exercise01.s
   Uses
      None
Comment: main unused
6 symbols



ARM Macro Assembler    Page 1 Alphabetic symbol ordering
Relocatable symbols

RESET 00000000

Symbol: RESET
   Definitions
      At line 202 in file Exercise01.s
   Uses
      None
Comment: RESET unused
__Vectors 00000000

Symbol: __Vectors
   Definitions
      At line 206 in file Exercise01.s
   Uses
      At line 203 in file Exercise01.s
      At line 212 in file Exercise01.s

__Vectors_End 000000C0

Symbol: __Vectors_End
   Definitions
      At line 211 in file Exercise01.s
   Uses
      At line 204 in file Exercise01.s
      At line 212 in file Exercise01.s

3 symbols



ARM Macro Assembler    Page 1 Alphabetic symbol ordering
Relocatable symbols

MyConst 00000000

Symbol: MyConst
   Definitions
      At line 216 in file Exercise01.s
   Uses
      None
Comment: MyConst unused
const_data 00000000

Symbol: const_data
   Definitions
      At line 218 in file Exercise01.s
   Uses
      At line 143 in file Exercise01.s
Comment: const_data used once
2 symbols



ARM Macro Assembler    Page 1 Alphabetic symbol ordering
Relocatable symbols

.ARM.__at_0x1FFFFC00 00000000

Symbol: .ARM.__at_0x1FFFFC00
   Definitions
      At line 221 in file Exercise01.s
   Uses
      None
Comment: .ARM.__at_0x1FFFFC00 unused
Stack_Mem 00000000

Symbol: Stack_Mem
   Definitions
      At line 227 in file Exercise01.s
   Uses
      None
Comment: Stack_Mem unused
__initial_sp 00000100

Symbol: __initial_sp
   Definitions
      At line 228 in file Exercise01.s
   Uses
      At line 208 in file Exercise01.s
      At line 222 in file Exercise01.s

3 symbols



ARM Macro Assembler    Page 1 Alphabetic symbol ordering
Relocatable symbols

MyData 00000000

Symbol: MyData
   Definitions
      At line 231 in file Exercise01.s
   Uses
      None
Comment: MyData unused
VarData 00000000

Symbol: VarData
   Definitions
      At line 233 in file Exercise01.s
   Uses
      At line 147 in file Exercise01.s
Comment: VarData used once
2 symbols



ARM Macro Assembler    Page 1 Alphabetic symbol ordering
Absolute symbols

APSR_C_MASK 20000000

Symbol: APSR_C_MASK
   Definitions
      At line 77 in file Exercise01.s
   Uses
      At line 116 in file Exercise01.s
Comment: APSR_C_MASK used once
APSR_C_SHIFT 0000001D

Symbol: APSR_C_SHIFT
   Definitions
      At line 78 in file Exercise01.s
   Uses
      At line 117 in file Exercise01.s
Comment: APSR_C_SHIFT used once
APSR_MASK F0000000

Symbol: APSR_MASK
   Definitions
      At line 71 in file Exercise01.s
   Uses
      None
Comment: APSR_MASK unused
APSR_N_MASK 80000000

Symbol: APSR_N_MASK
   Definitions
      At line 73 in file Exercise01.s
   Uses
      At line 112 in file Exercise01.s
Comment: APSR_N_MASK used once
APSR_N_SHIFT 0000001F

Symbol: APSR_N_SHIFT
   Definitions
      At line 74 in file Exercise01.s
   Uses
      At line 113 in file Exercise01.s
Comment: APSR_N_SHIFT used once
APSR_SHIFT 0000001C




ARM Macro Assembler    Page 2 Alphabetic symbol ordering
Absolute symbols

Symbol: APSR_SHIFT
   Definitions
      At line 72 in file Exercise01.s
   Uses
      None
Comment: APSR_SHIFT unused
APSR_V_MASK 10000000

Symbol: APSR_V_MASK
   Definitions
      At line 79 in file Exercise01.s
   Uses
      At line 118 in file Exercise01.s
Comment: APSR_V_MASK used once
APSR_V_SHIFT 0000001C

Symbol: APSR_V_SHIFT
   Definitions
      At line 80 in file Exercise01.s
   Uses
      At line 119 in file Exercise01.s
Comment: APSR_V_SHIFT used once
APSR_Z_MASK 40000000

Symbol: APSR_Z_MASK
   Definitions
      At line 75 in file Exercise01.s
   Uses
      At line 114 in file Exercise01.s
Comment: APSR_Z_MASK used once
APSR_Z_SHIFT 0000001E

Symbol: APSR_Z_SHIFT
   Definitions
      At line 76 in file Exercise01.s
   Uses
      At line 115 in file Exercise01.s
Comment: APSR_Z_SHIFT used once
BYTE_BITS 00000008

Symbol: BYTE_BITS
   Definitions



ARM Macro Assembler    Page 3 Alphabetic symbol ordering
Absolute symbols

      At line 23 in file Exercise01.s
   Uses
      None
Comment: BYTE_BITS unused
BYTE_MASK 000000FF

Symbol: BYTE_MASK
   Definitions
      At line 20 in file Exercise01.s
   Uses
      None
Comment: BYTE_MASK unused
CONTROL_SPSEL_MASK 00000002

Symbol: CONTROL_SPSEL_MASK
   Definitions
      At line 47 in file Exercise01.s
   Uses
      None
Comment: CONTROL_SPSEL_MASK unused
CONTROL_SPSEL_SHIFT 00000001

Symbol: CONTROL_SPSEL_SHIFT
   Definitions
      At line 48 in file Exercise01.s
   Uses
      None
Comment: CONTROL_SPSEL_SHIFT unused
CONTROL_nPRIV_MASK 00000001

Symbol: CONTROL_nPRIV_MASK
   Definitions
      At line 49 in file Exercise01.s
   Uses
      None
Comment: CONTROL_nPRIV_MASK unused
CONTROL_nPRIV_SHIFT 00000000

Symbol: CONTROL_nPRIV_SHIFT
   Definitions
      At line 50 in file Exercise01.s
   Uses



ARM Macro Assembler    Page 4 Alphabetic symbol ordering
Absolute symbols

      None
Comment: CONTROL_nPRIV_SHIFT unused
EPSR_MASK 01000000

Symbol: EPSR_MASK
   Definitions
      At line 86 in file Exercise01.s
   Uses
      None
Comment: EPSR_MASK unused
EPSR_SHIFT 00000018

Symbol: EPSR_SHIFT
   Definitions
      At line 87 in file Exercise01.s
   Uses
      None
Comment: EPSR_SHIFT unused
EPSR_T_MASK 01000000

Symbol: EPSR_T_MASK
   Definitions
      At line 88 in file Exercise01.s
   Uses
      At line 120 in file Exercise01.s
Comment: EPSR_T_MASK used once
EPSR_T_SHIFT 00000018

Symbol: EPSR_T_SHIFT
   Definitions
      At line 89 in file Exercise01.s
   Uses
      At line 121 in file Exercise01.s
Comment: EPSR_T_SHIFT used once
HALFWORD_MASK 0000FFFF

Symbol: HALFWORD_MASK
   Definitions
      At line 29 in file Exercise01.s
   Uses
      None
Comment: HALFWORD_MASK unused



ARM Macro Assembler    Page 5 Alphabetic symbol ordering
Absolute symbols

HALFWORD_SIZE 00000002

Symbol: HALFWORD_SIZE
   Definitions
      At line 27 in file Exercise01.s
   Uses
      None
Comment: HALFWORD_SIZE unused
IPSR_EXCEPTION_MASK 0000003F

Symbol: IPSR_EXCEPTION_MASK
   Definitions
      At line 109 in file Exercise01.s
   Uses
      At line 122 in file Exercise01.s
Comment: IPSR_EXCEPTION_MASK used once
IPSR_EXCEPTION_SHIFT 00000000

Symbol: IPSR_EXCEPTION_SHIFT
   Definitions
      At line 110 in file Exercise01.s
   Uses
      At line 123 in file Exercise01.s
Comment: IPSR_EXCEPTION_SHIFT used once
IPSR_MASK 0000003F

Symbol: IPSR_MASK
   Definitions
      At line 107 in file Exercise01.s
   Uses
      None
Comment: IPSR_MASK unused
IPSR_SHIFT 00000000

Symbol: IPSR_SHIFT
   Definitions
      At line 108 in file Exercise01.s
   Uses
      None
Comment: IPSR_SHIFT unused
NIBBLE_BITS 00000004




ARM Macro Assembler    Page 6 Alphabetic symbol ordering
Absolute symbols

Symbol: NIBBLE_BITS
   Definitions
      At line 24 in file Exercise01.s
   Uses
      None
Comment: NIBBLE_BITS unused
NIBBLE_MASK 0000000F

Symbol: NIBBLE_MASK
   Definitions
      At line 21 in file Exercise01.s
   Uses
      None
Comment: NIBBLE_MASK unused
PRIMASK_PM_MASK 00000001

Symbol: PRIMASK_PM_MASK
   Definitions
      At line 59 in file Exercise01.s
   Uses
      None
Comment: PRIMASK_PM_MASK unused
PRIMASK_PM_SHIFT 00000000

Symbol: PRIMASK_PM_SHIFT
   Definitions
      At line 60 in file Exercise01.s
   Uses
      None
Comment: PRIMASK_PM_SHIFT unused
PSR_C_MASK 20000000

Symbol: PSR_C_MASK
   Definitions
      At line 116 in file Exercise01.s
   Uses
      None
Comment: PSR_C_MASK unused
PSR_C_SHIFT 0000001D

Symbol: PSR_C_SHIFT
   Definitions



ARM Macro Assembler    Page 7 Alphabetic symbol ordering
Absolute symbols

      At line 117 in file Exercise01.s
   Uses
      None
Comment: PSR_C_SHIFT unused
PSR_EXCEPTION_MASK 0000003F

Symbol: PSR_EXCEPTION_MASK
   Definitions
      At line 122 in file Exercise01.s
   Uses
      None
Comment: PSR_EXCEPTION_MASK unused
PSR_EXCEPTION_SHIFT 00000000

Symbol: PSR_EXCEPTION_SHIFT
   Definitions
      At line 123 in file Exercise01.s
   Uses
      None
Comment: PSR_EXCEPTION_SHIFT unused
PSR_N_MASK 80000000

Symbol: PSR_N_MASK
   Definitions
      At line 112 in file Exercise01.s
   Uses
      None
Comment: PSR_N_MASK unused
PSR_N_SHIFT 0000001F

Symbol: PSR_N_SHIFT
   Definitions
      At line 113 in file Exercise01.s
   Uses
      None
Comment: PSR_N_SHIFT unused
PSR_T_MASK 01000000

Symbol: PSR_T_MASK
   Definitions
      At line 120 in file Exercise01.s
   Uses



ARM Macro Assembler    Page 8 Alphabetic symbol ordering
Absolute symbols

      None
Comment: PSR_T_MASK unused
PSR_T_SHIFT 00000018

Symbol: PSR_T_SHIFT
   Definitions
      At line 121 in file Exercise01.s
   Uses
      None
Comment: PSR_T_SHIFT unused
PSR_V_MASK 10000000

Symbol: PSR_V_MASK
   Definitions
      At line 118 in file Exercise01.s
   Uses
      None
Comment: PSR_V_MASK unused
PSR_V_SHIFT 0000001C

Symbol: PSR_V_SHIFT
   Definitions
      At line 119 in file Exercise01.s
   Uses
      None
Comment: PSR_V_SHIFT unused
PSR_Z_MASK 40000000

Symbol: PSR_Z_MASK
   Definitions
      At line 114 in file Exercise01.s
   Uses
      None
Comment: PSR_Z_MASK unused
PSR_Z_SHIFT 0000001E

Symbol: PSR_Z_SHIFT
   Definitions
      At line 115 in file Exercise01.s
   Uses
      None
Comment: PSR_Z_SHIFT unused



ARM Macro Assembler    Page 9 Alphabetic symbol ordering
Absolute symbols

RET_ADDR_T_MASK 00000001

Symbol: RET_ADDR_T_MASK
   Definitions
      At line 31 in file Exercise01.s
   Uses
      None
Comment: RET_ADDR_T_MASK unused
SSTACK_SIZE 00000100

Symbol: SSTACK_SIZE
   Definitions
      At line 126 in file Exercise01.s
   Uses
      At line 227 in file Exercise01.s
Comment: SSTACK_SIZE used once
VECTOR_SIZE 00000004

Symbol: VECTOR_SIZE
   Definitions
      At line 37 in file Exercise01.s
   Uses
      At line 210 in file Exercise01.s
Comment: VECTOR_SIZE used once
VECTOR_TABLE_SIZE 000000C0

Symbol: VECTOR_TABLE_SIZE
   Definitions
      At line 36 in file Exercise01.s
   Uses
      At line 210 in file Exercise01.s
Comment: VECTOR_TABLE_SIZE used once
WORD_SIZE 00000004

Symbol: WORD_SIZE
   Definitions
      At line 26 in file Exercise01.s
   Uses
      None
Comment: WORD_SIZE unused
__Vectors_Size 000000C0




ARM Macro Assembler    Page 10 Alphabetic symbol ordering
Absolute symbols

Symbol: __Vectors_Size
   Definitions
      At line 212 in file Exercise01.s
   Uses
      At line 205 in file Exercise01.s
Comment: __Vectors_Size used once
48 symbols
399 symbols in table
